ERROR - 2023-11-23 00:04:35 --> Error connecting to the database: mysqli_sql_exception: No se puede establecer una conexión ya que el equipo de destino denegó expresamente dicha conexión in C:\Users\Moisés David\Desktop\Proyecto_DAW\PROYECTO D.A.W\system\Database\MySQLi\Connection.php:184
Stack trace:
#0 C:\Users\Moisés David\Desktop\Proyecto_DAW\PROYECTO D.A.W\system\Database\MySQLi\Connection.php(184): mysqli->real_connect('127.0.0.1', 'root', Object(SensitiveParameterValue), 'acuario', 3306, '', 0)
#1 C:\Users\Moisés David\Desktop\Proyecto_DAW\PROYECTO D.A.W\system\Database\BaseConnection.php(391): CodeIgniter\Database\MySQLi\Connection->connect(false)
#2 C:\Users\Moisés David\Desktop\Proyecto_DAW\PROYECTO D.A.W\system\Database\BaseConnection.php(574): CodeIgniter\Database\BaseConnection->initialize()
#3 C:\Users\Moisés David\Desktop\Proyecto_DAW\PROYECTO D.A.W\system\Database\BaseBuilder.php(1615): CodeIgniter\Database\BaseConnection->query('SELECT *\nFROM `...', Array, false)
#4 C:\Users\Moisés David\Desktop\Proyecto_DAW\PROYECTO D.A.W\system\Model.php(237): CodeIgniter\Database\BaseBuilder->get()
#5 C:\Users\Moisés David\Desktop\Proyecto_DAW\PROYECTO D.A.W\system\BaseModel.php(624): CodeIgniter\Model->doFindAll(0, 0)
#6 C:\Users\Moisés David\Desktop\Proyecto_DAW\PROYECTO D.A.W\app\Controllers\AdminController.php(22): CodeIgniter\BaseModel->findAll()
#7 C:\Users\Moisés David\Desktop\Proyecto_DAW\PROYECTO D.A.W\system\CodeIgniter.php(919): App\Controllers\AdminController->animalTabla()
#8 C:\Users\Moisés David\Desktop\Proyecto_DAW\PROYECTO D.A.W\system\CodeIgniter.php(494): CodeIgniter\CodeIgniter->runController(Object(App\Controllers\AdminController))
#9 C:\Users\Moisés David\Desktop\Proyecto_DAW\PROYECTO D.A.W\system\CodeIgniter.php(353): CodeIgniter\CodeIgniter->handleRequest(NULL, Object(Config\Cache), false)
#10 C:\Users\Moisés David\Desktop\Proyecto_DAW\PROYECTO D.A.W\public\index.php(79): CodeIgniter\CodeIgniter->run()
#11 C:\Users\Moisés David\Desktop\Proyecto_DAW\PROYECTO D.A.W\system\Commands\Server\rewrite.php(47): require_once('C:\\Users\\Mois\xC3\xA9...')
#12 {main}

Next CodeIgniter\Database\Exceptions\DatabaseException: No se puede establecer una conexión ya que el equipo de destino denegó expresamente dicha conexión in C:\Users\Moisés David\Desktop\Proyecto_DAW\PROYECTO D.A.W\system\Database\MySQLi\Connection.php:229
Stack trace:
#0 C:\Users\Moisés David\Desktop\Proyecto_DAW\PROYECTO D.A.W\system\Database\BaseConnection.php(391): CodeIgniter\Database\MySQLi\Connection->connect(false)
#1 C:\Users\Moisés David\Desktop\Proyecto_DAW\PROYECTO D.A.W\system\Database\BaseConnection.php(574): CodeIgniter\Database\BaseConnection->initialize()
#2 C:\Users\Moisés David\Desktop\Proyecto_DAW\PROYECTO D.A.W\system\Database\BaseBuilder.php(1615): CodeIgniter\Database\BaseConnection->query('SELECT *\nFROM `...', Array, false)
#3 C:\Users\Moisés David\Desktop\Proyecto_DAW\PROYECTO D.A.W\system\Model.php(237): CodeIgniter\Database\BaseBuilder->get()
#4 C:\Users\Moisés David\Desktop\Proyecto_DAW\PROYECTO D.A.W\system\BaseModel.php(624): CodeIgniter\Model->doFindAll(0, 0)
#5 C:\Users\Moisés David\Desktop\Proyecto_DAW\PROYECTO D.A.W\app\Controllers\AdminController.php(22): CodeIgniter\BaseModel->findAll()
#6 C:\Users\Moisés David\Desktop\Proyecto_DAW\PROYECTO D.A.W\system\CodeIgniter.php(919): App\Controllers\AdminController->animalTabla()
#7 C:\Users\Moisés David\Desktop\Proyecto_DAW\PROYECTO D.A.W\system\CodeIgniter.php(494): CodeIgniter\CodeIgniter->runController(Object(App\Controllers\AdminController))
#8 C:\Users\Moisés David\Desktop\Proyecto_DAW\PROYECTO D.A.W\system\CodeIgniter.php(353): CodeIgniter\CodeIgniter->handleRequest(NULL, Object(Config\Cache), false)
#9 C:\Users\Moisés David\Desktop\Proyecto_DAW\PROYECTO D.A.W\public\index.php(79): CodeIgniter\CodeIgniter->run()
#10 C:\Users\Moisés David\Desktop\Proyecto_DAW\PROYECTO D.A.W\system\Commands\Server\rewrite.php(47): require_once('C:\\Users\\Mois\xC3\xA9...')
#11 {main}
CRITICAL - 2023-11-23 00:04:35 --> Unable to connect to the database.
Main connection [MySQLi]: No se puede establecer una conexión ya que el equipo de destino denegó expresamente dicha conexión
in SYSTEMPATH\Database\BaseConnection.php on line 427.
 1 SYSTEMPATH\Database\BaseConnection.php(574): CodeIgniter\Database\BaseConnection->initialize()
 2 SYSTEMPATH\Database\BaseBuilder.php(1615): CodeIgniter\Database\BaseConnection->query('SELECT *
FROM `animal`
WHERE `animal`.`deleted_at` IS NULL', [], false)
 3 SYSTEMPATH\Model.php(237): CodeIgniter\Database\BaseBuilder->get()
 4 SYSTEMPATH\BaseModel.php(624): CodeIgniter\Model->doFindAll(0, 0)
 5 APPPATH\Controllers\AdminController.php(22): CodeIgniter\BaseModel->findAll()
 6 SYSTEMPATH\CodeIgniter.php(919): App\Controllers\AdminController->animalTabla()
 7 SYSTEMPATH\CodeIgniter.php(494): CodeIgniter\CodeIgniter->runController(Object(App\Controllers\AdminController))
 8 SYSTEMPATH\CodeIgniter.php(353): CodeIgniter\CodeIgniter->handleRequest(null, Object(Config\Cache), false)
 9 FCPATH\index.php(79): CodeIgniter\CodeIgniter->run()
10 SYSTEMPATH\Commands\Server\rewrite.php(47): require_once('C:\\Users\\Moisés David\\Desktop\\Proyecto_DAW\\PROYECTO D.A.W\\public\\index.php')
