CRITICAL - 2023-11-09 00:38:05 --> Undefined variable $animales
in APPPATH\Views\administrarAnimales\animalTabla.php on line 17.
 1 APPPATH\Views\administrarAnimales\animalTabla.php(17): CodeIgniter\Debug\Exceptions->errorHandler(2, 'Undefined variable $animales', 'C:\\Users\\Moisés David\\Desktop\\PROYECTO D.A.W\\app\\Views\\administrarAnimales\\animalTabla.php', 17)
 2 SYSTEMPATH\View\View.php(226): include('C:\\Users\\Moisés David\\Desktop\\PROYECTO D.A.W\\app\\Views\\administrarAnimales\\animalTabla.php')
 3 SYSTEMPATH\View\View.php(229): CodeIgniter\View\View->CodeIgniter\View\{closure}()
 4 SYSTEMPATH\Common.php(1188): CodeIgniter\View\View->render('administrarAnimales/animalTabla', [], true)
 5 APPPATH\Controllers\AdminController.php(47): view('administrarAnimales/animalTabla')
 6 SYSTEMPATH\CodeIgniter.php(919): App\Controllers\AdminController->animalTabla()
 7 SYSTEMPATH\CodeIgniter.php(494): CodeIgniter\CodeIgniter->runController(Object(App\Controllers\AdminController))
 8 SYSTEMPATH\CodeIgniter.php(353): CodeIgniter\CodeIgniter->handleRequest(null, Object(Config\Cache), false)
 9 FCPATH\index.php(79): CodeIgniter\CodeIgniter->run()
10 SYSTEMPATH\Commands\Server\rewrite.php(47): require_once('C:\\Users\\Moisés David\\Desktop\\PROYECTO D.A.W\\public\\index.php')
CRITICAL - 2023-11-09 00:38:22 --> Undefined variable $animales
in APPPATH\Views\administrarAnimales\animalTabla.php on line 17.
 1 APPPATH\Views\administrarAnimales\animalTabla.php(17): CodeIgniter\Debug\Exceptions->errorHandler(2, 'Undefined variable $animales', 'C:\\Users\\Moisés David\\Desktop\\PROYECTO D.A.W\\app\\Views\\administrarAnimales\\animalTabla.php', 17)
 2 SYSTEMPATH\View\View.php(226): include('C:\\Users\\Moisés David\\Desktop\\PROYECTO D.A.W\\app\\Views\\administrarAnimales\\animalTabla.php')
 3 SYSTEMPATH\View\View.php(229): CodeIgniter\View\View->CodeIgniter\View\{closure}()
 4 SYSTEMPATH\Common.php(1188): CodeIgniter\View\View->render('administrarAnimales/animalTabla', [], true)
 5 APPPATH\Controllers\AdminController.php(47): view('administrarAnimales/animalTabla')
 6 SYSTEMPATH\CodeIgniter.php(919): App\Controllers\AdminController->animalTabla()
 7 SYSTEMPATH\CodeIgniter.php(494): CodeIgniter\CodeIgniter->runController(Object(App\Controllers\AdminController))
 8 SYSTEMPATH\CodeIgniter.php(353): CodeIgniter\CodeIgniter->handleRequest(null, Object(Config\Cache), false)
 9 FCPATH\index.php(79): CodeIgniter\CodeIgniter->run()
10 SYSTEMPATH\Commands\Server\rewrite.php(47): require_once('C:\\Users\\Moisés David\\Desktop\\PROYECTO D.A.W\\public\\index.php')
CRITICAL - 2023-11-09 00:38:23 --> Undefined variable $animales
in APPPATH\Views\administrarAnimales\animalTabla.php on line 17.
 1 APPPATH\Views\administrarAnimales\animalTabla.php(17): CodeIgniter\Debug\Exceptions->errorHandler(2, 'Undefined variable $animales', 'C:\\Users\\Moisés David\\Desktop\\PROYECTO D.A.W\\app\\Views\\administrarAnimales\\animalTabla.php', 17)
 2 SYSTEMPATH\View\View.php(226): include('C:\\Users\\Moisés David\\Desktop\\PROYECTO D.A.W\\app\\Views\\administrarAnimales\\animalTabla.php')
 3 SYSTEMPATH\View\View.php(229): CodeIgniter\View\View->CodeIgniter\View\{closure}()
 4 SYSTEMPATH\Common.php(1188): CodeIgniter\View\View->render('administrarAnimales/animalTabla', [], true)
 5 APPPATH\Controllers\AdminController.php(47): view('administrarAnimales/animalTabla')
 6 SYSTEMPATH\CodeIgniter.php(919): App\Controllers\AdminController->animalTabla()
 7 SYSTEMPATH\CodeIgniter.php(494): CodeIgniter\CodeIgniter->runController(Object(App\Controllers\AdminController))
 8 SYSTEMPATH\CodeIgniter.php(353): CodeIgniter\CodeIgniter->handleRequest(null, Object(Config\Cache), false)
 9 FCPATH\index.php(79): CodeIgniter\CodeIgniter->run()
10 SYSTEMPATH\Commands\Server\rewrite.php(47): require_once('C:\\Users\\Moisés David\\Desktop\\PROYECTO D.A.W\\public\\index.php')
CRITICAL - 2023-11-09 00:41:40 --> Undefined variable $animales
in APPPATH\Views\administrarAnimales\animalTabla.php on line 17.
 1 APPPATH\Views\administrarAnimales\animalTabla.php(17): CodeIgniter\Debug\Exceptions->errorHandler(2, 'Undefined variable $animales', 'C:\\Users\\Moisés David\\Desktop\\PROYECTO D.A.W\\app\\Views\\administrarAnimales\\animalTabla.php', 17)
 2 SYSTEMPATH\View\View.php(226): include('C:\\Users\\Moisés David\\Desktop\\PROYECTO D.A.W\\app\\Views\\administrarAnimales\\animalTabla.php')
 3 SYSTEMPATH\View\View.php(229): CodeIgniter\View\View->CodeIgniter\View\{closure}()
 4 SYSTEMPATH\Common.php(1188): CodeIgniter\View\View->render('administrarAnimales/animalTabla', [], true)
 5 APPPATH\Controllers\AdminController.php(47): view('administrarAnimales/animalTabla')
 6 SYSTEMPATH\CodeIgniter.php(919): App\Controllers\AdminController->animalTabla()
 7 SYSTEMPATH\CodeIgniter.php(494): CodeIgniter\CodeIgniter->runController(Object(App\Controllers\AdminController))
 8 SYSTEMPATH\CodeIgniter.php(353): CodeIgniter\CodeIgniter->handleRequest(null, Object(Config\Cache), false)
 9 FCPATH\index.php(79): CodeIgniter\CodeIgniter->run()
10 SYSTEMPATH\Commands\Server\rewrite.php(47): require_once('C:\\Users\\Moisés David\\Desktop\\PROYECTO D.A.W\\public\\index.php')
CRITICAL - 2023-11-09 00:41:40 --> Undefined variable $animales
in APPPATH\Views\administrarAnimales\animalTabla.php on line 17.
 1 APPPATH\Views\administrarAnimales\animalTabla.php(17): CodeIgniter\Debug\Exceptions->errorHandler(2, 'Undefined variable $animales', 'C:\\Users\\Moisés David\\Desktop\\PROYECTO D.A.W\\app\\Views\\administrarAnimales\\animalTabla.php', 17)
 2 SYSTEMPATH\View\View.php(226): include('C:\\Users\\Moisés David\\Desktop\\PROYECTO D.A.W\\app\\Views\\administrarAnimales\\animalTabla.php')
 3 SYSTEMPATH\View\View.php(229): CodeIgniter\View\View->CodeIgniter\View\{closure}()
 4 SYSTEMPATH\Common.php(1188): CodeIgniter\View\View->render('administrarAnimales/animalTabla', [], true)
 5 APPPATH\Controllers\AdminController.php(47): view('administrarAnimales/animalTabla')
 6 SYSTEMPATH\CodeIgniter.php(919): App\Controllers\AdminController->animalTabla()
 7 SYSTEMPATH\CodeIgniter.php(494): CodeIgniter\CodeIgniter->runController(Object(App\Controllers\AdminController))
 8 SYSTEMPATH\CodeIgniter.php(353): CodeIgniter\CodeIgniter->handleRequest(null, Object(Config\Cache), false)
 9 FCPATH\index.php(79): CodeIgniter\CodeIgniter->run()
10 SYSTEMPATH\Commands\Server\rewrite.php(47): require_once('C:\\Users\\Moisés David\\Desktop\\PROYECTO D.A.W\\public\\index.php')
CRITICAL - 2023-11-09 00:43:34 --> Undefined variable $animales
in APPPATH\Views\administrarAnimales\animalTabla.php on line 17.
 1 APPPATH\Views\administrarAnimales\animalTabla.php(17): CodeIgniter\Debug\Exceptions->errorHandler(2, 'Undefined variable $animales', 'C:\\Users\\Moisés David\\Desktop\\PROYECTO D.A.W\\app\\Views\\administrarAnimales\\animalTabla.php', 17)
 2 SYSTEMPATH\View\View.php(226): include('C:\\Users\\Moisés David\\Desktop\\PROYECTO D.A.W\\app\\Views\\administrarAnimales\\animalTabla.php')
 3 SYSTEMPATH\View\View.php(229): CodeIgniter\View\View->CodeIgniter\View\{closure}()
 4 SYSTEMPATH\Common.php(1188): CodeIgniter\View\View->render('administrarAnimales/animalTabla', [], true)
 5 APPPATH\Controllers\AdminController.php(47): view('administrarAnimales/animalTabla')
 6 SYSTEMPATH\CodeIgniter.php(919): App\Controllers\AdminController->animalTabla()
 7 SYSTEMPATH\CodeIgniter.php(494): CodeIgniter\CodeIgniter->runController(Object(App\Controllers\AdminController))
 8 SYSTEMPATH\CodeIgniter.php(353): CodeIgniter\CodeIgniter->handleRequest(null, Object(Config\Cache), false)
 9 FCPATH\index.php(79): CodeIgniter\CodeIgniter->run()
10 SYSTEMPATH\Commands\Server\rewrite.php(47): require_once('C:\\Users\\Moisés David\\Desktop\\PROYECTO D.A.W\\public\\index.php')
CRITICAL - 2023-11-09 00:43:35 --> Undefined variable $animales
in APPPATH\Views\administrarAnimales\animalTabla.php on line 17.
 1 APPPATH\Views\administrarAnimales\animalTabla.php(17): CodeIgniter\Debug\Exceptions->errorHandler(2, 'Undefined variable $animales', 'C:\\Users\\Moisés David\\Desktop\\PROYECTO D.A.W\\app\\Views\\administrarAnimales\\animalTabla.php', 17)
 2 SYSTEMPATH\View\View.php(226): include('C:\\Users\\Moisés David\\Desktop\\PROYECTO D.A.W\\app\\Views\\administrarAnimales\\animalTabla.php')
 3 SYSTEMPATH\View\View.php(229): CodeIgniter\View\View->CodeIgniter\View\{closure}()
 4 SYSTEMPATH\Common.php(1188): CodeIgniter\View\View->render('administrarAnimales/animalTabla', [], true)
 5 APPPATH\Controllers\AdminController.php(47): view('administrarAnimales/animalTabla')
 6 SYSTEMPATH\CodeIgniter.php(919): App\Controllers\AdminController->animalTabla()
 7 SYSTEMPATH\CodeIgniter.php(494): CodeIgniter\CodeIgniter->runController(Object(App\Controllers\AdminController))
 8 SYSTEMPATH\CodeIgniter.php(353): CodeIgniter\CodeIgniter->handleRequest(null, Object(Config\Cache), false)
 9 FCPATH\index.php(79): CodeIgniter\CodeIgniter->run()
10 SYSTEMPATH\Commands\Server\rewrite.php(47): require_once('C:\\Users\\Moisés David\\Desktop\\PROYECTO D.A.W\\public\\index.php')
CRITICAL - 2023-11-09 00:45:59 --> Undefined variable $animales
in APPPATH\Views\administrarAnimales\animalTabla.php on line 17.
 1 APPPATH\Views\administrarAnimales\animalTabla.php(17): CodeIgniter\Debug\Exceptions->errorHandler(2, 'Undefined variable $animales', 'C:\\Users\\Moisés David\\Desktop\\PROYECTO D.A.W\\app\\Views\\administrarAnimales\\animalTabla.php', 17)
 2 SYSTEMPATH\View\View.php(226): include('C:\\Users\\Moisés David\\Desktop\\PROYECTO D.A.W\\app\\Views\\administrarAnimales\\animalTabla.php')
 3 SYSTEMPATH\View\View.php(229): CodeIgniter\View\View->CodeIgniter\View\{closure}()
 4 SYSTEMPATH\Common.php(1188): CodeIgniter\View\View->render('administrarAnimales/animalTabla', [], true)
 5 APPPATH\Controllers\AdminController.php(47): view('administrarAnimales/animalTabla')
 6 SYSTEMPATH\CodeIgniter.php(919): App\Controllers\AdminController->animalTabla()
 7 SYSTEMPATH\CodeIgniter.php(494): CodeIgniter\CodeIgniter->runController(Object(App\Controllers\AdminController))
 8 SYSTEMPATH\CodeIgniter.php(353): CodeIgniter\CodeIgniter->handleRequest(null, Object(Config\Cache), false)
 9 FCPATH\index.php(79): CodeIgniter\CodeIgniter->run()
10 SYSTEMPATH\Commands\Server\rewrite.php(47): require_once('C:\\Users\\Moisés David\\Desktop\\PROYECTO D.A.W\\public\\index.php')
CRITICAL - 2023-11-09 00:47:28 --> Undefined variable $animales
in APPPATH\Views\administrarAnimales\animalTabla.php on line 17.
 1 APPPATH\Views\administrarAnimales\animalTabla.php(17): CodeIgniter\Debug\Exceptions->errorHandler(2, 'Undefined variable $animales', 'C:\\Users\\Moisés David\\Desktop\\PROYECTO D.A.W\\app\\Views\\administrarAnimales\\animalTabla.php', 17)
 2 SYSTEMPATH\View\View.php(226): include('C:\\Users\\Moisés David\\Desktop\\PROYECTO D.A.W\\app\\Views\\administrarAnimales\\animalTabla.php')
 3 SYSTEMPATH\View\View.php(229): CodeIgniter\View\View->CodeIgniter\View\{closure}()
 4 SYSTEMPATH\Common.php(1188): CodeIgniter\View\View->render('administrarAnimales/animalTabla', [], true)
 5 APPPATH\Controllers\AdminController.php(47): view('administrarAnimales/animalTabla')
 6 SYSTEMPATH\CodeIgniter.php(919): App\Controllers\AdminController->animalTabla()
 7 SYSTEMPATH\CodeIgniter.php(494): CodeIgniter\CodeIgniter->runController(Object(App\Controllers\AdminController))
 8 SYSTEMPATH\CodeIgniter.php(353): CodeIgniter\CodeIgniter->handleRequest(null, Object(Config\Cache), false)
 9 FCPATH\index.php(79): CodeIgniter\CodeIgniter->run()
10 SYSTEMPATH\Commands\Server\rewrite.php(47): require_once('C:\\Users\\Moisés David\\Desktop\\PROYECTO D.A.W\\public\\index.php')
CRITICAL - 2023-11-09 00:52:30 --> Undefined variable $animales
in APPPATH\Views\administrarAnimales\animalTabla.php on line 17.
 1 APPPATH\Views\administrarAnimales\animalTabla.php(17): CodeIgniter\Debug\Exceptions->errorHandler(2, 'Undefined variable $animales', 'C:\\Users\\Moisés David\\Desktop\\PROYECTO D.A.W\\app\\Views\\administrarAnimales\\animalTabla.php', 17)
 2 SYSTEMPATH\View\View.php(226): include('C:\\Users\\Moisés David\\Desktop\\PROYECTO D.A.W\\app\\Views\\administrarAnimales\\animalTabla.php')
 3 SYSTEMPATH\View\View.php(229): CodeIgniter\View\View->CodeIgniter\View\{closure}()
 4 SYSTEMPATH\Common.php(1188): CodeIgniter\View\View->render('administrarAnimales/animalTabla', [], true)
 5 APPPATH\Controllers\AdminController.php(47): view('administrarAnimales/animalTabla')
 6 SYSTEMPATH\CodeIgniter.php(919): App\Controllers\AdminController->animalTabla()
 7 SYSTEMPATH\CodeIgniter.php(494): CodeIgniter\CodeIgniter->runController(Object(App\Controllers\AdminController))
 8 SYSTEMPATH\CodeIgniter.php(353): CodeIgniter\CodeIgniter->handleRequest(null, Object(Config\Cache), false)
 9 FCPATH\index.php(79): CodeIgniter\CodeIgniter->run()
10 SYSTEMPATH\Commands\Server\rewrite.php(47): require_once('C:\\Users\\Moisés David\\Desktop\\PROYECTO D.A.W\\public\\index.php')
CRITICAL - 2023-11-09 00:53:40 --> Undefined variable $an
in APPPATH\Views\administrarAnimales\animalTabla.php on line 17.
 1 APPPATH\Views\administrarAnimales\animalTabla.php(17): CodeIgniter\Debug\Exceptions->errorHandler(2, 'Undefined variable $an', 'C:\\Users\\Moisés David\\Desktop\\PROYECTO D.A.W\\app\\Views\\administrarAnimales\\animalTabla.php', 17)
 2 SYSTEMPATH\View\View.php(226): include('C:\\Users\\Moisés David\\Desktop\\PROYECTO D.A.W\\app\\Views\\administrarAnimales\\animalTabla.php')
 3 SYSTEMPATH\View\View.php(229): CodeIgniter\View\View->CodeIgniter\View\{closure}()
 4 SYSTEMPATH\Common.php(1188): CodeIgniter\View\View->render('administrarAnimales/animalTabla', [], true)
 5 APPPATH\Controllers\AdminController.php(47): view('administrarAnimales/animalTabla')
 6 SYSTEMPATH\CodeIgniter.php(919): App\Controllers\AdminController->animalTabla()
 7 SYSTEMPATH\CodeIgniter.php(494): CodeIgniter\CodeIgniter->runController(Object(App\Controllers\AdminController))
 8 SYSTEMPATH\CodeIgniter.php(353): CodeIgniter\CodeIgniter->handleRequest(null, Object(Config\Cache), false)
 9 FCPATH\index.php(79): CodeIgniter\CodeIgniter->run()
10 SYSTEMPATH\Commands\Server\rewrite.php(47): require_once('C:\\Users\\Moisés David\\Desktop\\PROYECTO D.A.W\\public\\index.php')
CRITICAL - 2023-11-09 00:54:10 --> Undefined variable $an
in APPPATH\Views\administrarAnimales\animalTabla.php on line 17.
 1 APPPATH\Views\administrarAnimales\animalTabla.php(17): CodeIgniter\Debug\Exceptions->errorHandler(2, 'Undefined variable $an', 'C:\\Users\\Moisés David\\Desktop\\PROYECTO D.A.W\\app\\Views\\administrarAnimales\\animalTabla.php', 17)
 2 SYSTEMPATH\View\View.php(226): include('C:\\Users\\Moisés David\\Desktop\\PROYECTO D.A.W\\app\\Views\\administrarAnimales\\animalTabla.php')
 3 SYSTEMPATH\View\View.php(229): CodeIgniter\View\View->CodeIgniter\View\{closure}()
 4 SYSTEMPATH\Common.php(1188): CodeIgniter\View\View->render('administrarAnimales/animalTabla', [], true)
 5 APPPATH\Controllers\AdminController.php(47): view('administrarAnimales/animalTabla')
 6 SYSTEMPATH\CodeIgniter.php(919): App\Controllers\AdminController->animalTabla()
 7 SYSTEMPATH\CodeIgniter.php(494): CodeIgniter\CodeIgniter->runController(Object(App\Controllers\AdminController))
 8 SYSTEMPATH\CodeIgniter.php(353): CodeIgniter\CodeIgniter->handleRequest(null, Object(Config\Cache), false)
 9 FCPATH\index.php(79): CodeIgniter\CodeIgniter->run()
10 SYSTEMPATH\Commands\Server\rewrite.php(47): require_once('C:\\Users\\Moisés David\\Desktop\\PROYECTO D.A.W\\public\\index.php')
CRITICAL - 2023-11-09 00:54:12 --> Undefined variable $an
in APPPATH\Views\administrarAnimales\animalTabla.php on line 17.
 1 APPPATH\Views\administrarAnimales\animalTabla.php(17): CodeIgniter\Debug\Exceptions->errorHandler(2, 'Undefined variable $an', 'C:\\Users\\Moisés David\\Desktop\\PROYECTO D.A.W\\app\\Views\\administrarAnimales\\animalTabla.php', 17)
 2 SYSTEMPATH\View\View.php(226): include('C:\\Users\\Moisés David\\Desktop\\PROYECTO D.A.W\\app\\Views\\administrarAnimales\\animalTabla.php')
 3 SYSTEMPATH\View\View.php(229): CodeIgniter\View\View->CodeIgniter\View\{closure}()
 4 SYSTEMPATH\Common.php(1188): CodeIgniter\View\View->render('administrarAnimales/animalTabla', [], true)
 5 APPPATH\Controllers\AdminController.php(47): view('administrarAnimales/animalTabla')
 6 SYSTEMPATH\CodeIgniter.php(919): App\Controllers\AdminController->animalTabla()
 7 SYSTEMPATH\CodeIgniter.php(494): CodeIgniter\CodeIgniter->runController(Object(App\Controllers\AdminController))
 8 SYSTEMPATH\CodeIgniter.php(353): CodeIgniter\CodeIgniter->handleRequest(null, Object(Config\Cache), false)
 9 FCPATH\index.php(79): CodeIgniter\CodeIgniter->run()
10 SYSTEMPATH\Commands\Server\rewrite.php(47): require_once('C:\\Users\\Moisés David\\Desktop\\PROYECTO D.A.W\\public\\index.php')
CRITICAL - 2023-11-09 00:55:08 --> Undefined variable $an
in APPPATH\Views\administrarAnimales\animalTabla.php on line 17.
 1 APPPATH\Views\administrarAnimales\animalTabla.php(17): CodeIgniter\Debug\Exceptions->errorHandler(2, 'Undefined variable $an', 'C:\\Users\\Moisés David\\Desktop\\PROYECTO D.A.W\\app\\Views\\administrarAnimales\\animalTabla.php', 17)
 2 SYSTEMPATH\View\View.php(226): include('C:\\Users\\Moisés David\\Desktop\\PROYECTO D.A.W\\app\\Views\\administrarAnimales\\animalTabla.php')
 3 SYSTEMPATH\View\View.php(229): CodeIgniter\View\View->CodeIgniter\View\{closure}()
 4 SYSTEMPATH\Common.php(1188): CodeIgniter\View\View->render('administrarAnimales/animalTabla', [], true)
 5 APPPATH\Controllers\AdminController.php(47): view('administrarAnimales/animalTabla')
 6 SYSTEMPATH\CodeIgniter.php(919): App\Controllers\AdminController->animalTabla()
 7 SYSTEMPATH\CodeIgniter.php(494): CodeIgniter\CodeIgniter->runController(Object(App\Controllers\AdminController))
 8 SYSTEMPATH\CodeIgniter.php(353): CodeIgniter\CodeIgniter->handleRequest(null, Object(Config\Cache), false)
 9 FCPATH\index.php(79): CodeIgniter\CodeIgniter->run()
10 SYSTEMPATH\Commands\Server\rewrite.php(47): require_once('C:\\Users\\Moisés David\\Desktop\\PROYECTO D.A.W\\public\\index.php')
CRITICAL - 2023-11-09 00:55:41 --> Undefined variable $an
in APPPATH\Views\administrarAnimales\animalTabla.php on line 17.
 1 APPPATH\Views\administrarAnimales\animalTabla.php(17): CodeIgniter\Debug\Exceptions->errorHandler(2, 'Undefined variable $an', 'C:\\Users\\Moisés David\\Desktop\\PROYECTO D.A.W\\app\\Views\\administrarAnimales\\animalTabla.php', 17)
 2 SYSTEMPATH\View\View.php(226): include('C:\\Users\\Moisés David\\Desktop\\PROYECTO D.A.W\\app\\Views\\administrarAnimales\\animalTabla.php')
 3 SYSTEMPATH\View\View.php(229): CodeIgniter\View\View->CodeIgniter\View\{closure}()
 4 SYSTEMPATH\Common.php(1188): CodeIgniter\View\View->render('administrarAnimales/animalTabla', [], true)
 5 APPPATH\Controllers\AdminController.php(47): view('administrarAnimales/animalTabla')
 6 SYSTEMPATH\CodeIgniter.php(919): App\Controllers\AdminController->animalTabla()
 7 SYSTEMPATH\CodeIgniter.php(494): CodeIgniter\CodeIgniter->runController(Object(App\Controllers\AdminController))
 8 SYSTEMPATH\CodeIgniter.php(353): CodeIgniter\CodeIgniter->handleRequest(null, Object(Config\Cache), false)
 9 FCPATH\index.php(79): CodeIgniter\CodeIgniter->run()
10 SYSTEMPATH\Commands\Server\rewrite.php(47): require_once('C:\\Users\\Moisés David\\Desktop\\PROYECTO D.A.W\\public\\index.php')
CRITICAL - 2023-11-09 00:56:35 --> Undefined variable $animales
in APPPATH\Views\administrarAnimales\animalTabla.php on line 17.
 1 APPPATH\Views\administrarAnimales\animalTabla.php(17): CodeIgniter\Debug\Exceptions->errorHandler(2, 'Undefined variable $animales', 'C:\\Users\\Moisés David\\Desktop\\PROYECTO D.A.W\\app\\Views\\administrarAnimales\\animalTabla.php', 17)
 2 SYSTEMPATH\View\View.php(226): include('C:\\Users\\Moisés David\\Desktop\\PROYECTO D.A.W\\app\\Views\\administrarAnimales\\animalTabla.php')
 3 SYSTEMPATH\View\View.php(229): CodeIgniter\View\View->CodeIgniter\View\{closure}()
 4 SYSTEMPATH\Common.php(1188): CodeIgniter\View\View->render('administrarAnimales/animalTabla', [], true)
 5 APPPATH\Controllers\AdminController.php(47): view('administrarAnimales/animalTabla')
 6 SYSTEMPATH\CodeIgniter.php(919): App\Controllers\AdminController->animalTabla()
 7 SYSTEMPATH\CodeIgniter.php(494): CodeIgniter\CodeIgniter->runController(Object(App\Controllers\AdminController))
 8 SYSTEMPATH\CodeIgniter.php(353): CodeIgniter\CodeIgniter->handleRequest(null, Object(Config\Cache), false)
 9 FCPATH\index.php(79): CodeIgniter\CodeIgniter->run()
10 SYSTEMPATH\Commands\Server\rewrite.php(47): require_once('C:\\Users\\Moisés David\\Desktop\\PROYECTO D.A.W\\public\\index.php')
CRITICAL - 2023-11-09 00:57:19 --> Undefined variable $animales
in APPPATH\Views\administrarAnimales\animalTabla.php on line 17.
 1 APPPATH\Views\administrarAnimales\animalTabla.php(17): CodeIgniter\Debug\Exceptions->errorHandler(2, 'Undefined variable $animales', 'C:\\Users\\Moisés David\\Desktop\\PROYECTO D.A.W\\app\\Views\\administrarAnimales\\animalTabla.php', 17)
 2 SYSTEMPATH\View\View.php(226): include('C:\\Users\\Moisés David\\Desktop\\PROYECTO D.A.W\\app\\Views\\administrarAnimales\\animalTabla.php')
 3 SYSTEMPATH\View\View.php(229): CodeIgniter\View\View->CodeIgniter\View\{closure}()
 4 SYSTEMPATH\Common.php(1188): CodeIgniter\View\View->render('administrarAnimales/animalTabla', [], true)
 5 APPPATH\Controllers\AdminController.php(47): view('administrarAnimales/animalTabla')
 6 SYSTEMPATH\CodeIgniter.php(919): App\Controllers\AdminController->animalTabla()
 7 SYSTEMPATH\CodeIgniter.php(494): CodeIgniter\CodeIgniter->runController(Object(App\Controllers\AdminController))
 8 SYSTEMPATH\CodeIgniter.php(353): CodeIgniter\CodeIgniter->handleRequest(null, Object(Config\Cache), false)
 9 FCPATH\index.php(79): CodeIgniter\CodeIgniter->run()
10 SYSTEMPATH\Commands\Server\rewrite.php(47): require_once('C:\\Users\\Moisés David\\Desktop\\PROYECTO D.A.W\\public\\index.php')
CRITICAL - 2023-11-09 01:00:52 --> Undefined variable $animales
in APPPATH\Views\administrarAnimales\animalTabla.php on line 17.
 1 APPPATH\Views\administrarAnimales\animalTabla.php(17): CodeIgniter\Debug\Exceptions->errorHandler(2, 'Undefined variable $animales', 'C:\\Users\\Moisés David\\Desktop\\PROYECTO D.A.W\\app\\Views\\administrarAnimales\\animalTabla.php', 17)
 2 SYSTEMPATH\View\View.php(226): include('C:\\Users\\Moisés David\\Desktop\\PROYECTO D.A.W\\app\\Views\\administrarAnimales\\animalTabla.php')
 3 SYSTEMPATH\View\View.php(229): CodeIgniter\View\View->CodeIgniter\View\{closure}()
 4 SYSTEMPATH\Common.php(1188): CodeIgniter\View\View->render('administrarAnimales/animalTabla', [], true)
 5 APPPATH\Controllers\AdminController.php(47): view('administrarAnimales/animalTabla')
 6 SYSTEMPATH\CodeIgniter.php(919): App\Controllers\AdminController->animalTabla()
 7 SYSTEMPATH\CodeIgniter.php(494): CodeIgniter\CodeIgniter->runController(Object(App\Controllers\AdminController))
 8 SYSTEMPATH\CodeIgniter.php(353): CodeIgniter\CodeIgniter->handleRequest(null, Object(Config\Cache), false)
 9 FCPATH\index.php(79): CodeIgniter\CodeIgniter->run()
10 SYSTEMPATH\Commands\Server\rewrite.php(47): require_once('C:\\Users\\Moisés David\\Desktop\\PROYECTO D.A.W\\public\\index.php')
CRITICAL - 2023-11-09 01:00:53 --> Undefined variable $animales
in APPPATH\Views\administrarAnimales\animalTabla.php on line 17.
 1 APPPATH\Views\administrarAnimales\animalTabla.php(17): CodeIgniter\Debug\Exceptions->errorHandler(2, 'Undefined variable $animales', 'C:\\Users\\Moisés David\\Desktop\\PROYECTO D.A.W\\app\\Views\\administrarAnimales\\animalTabla.php', 17)
 2 SYSTEMPATH\View\View.php(226): include('C:\\Users\\Moisés David\\Desktop\\PROYECTO D.A.W\\app\\Views\\administrarAnimales\\animalTabla.php')
 3 SYSTEMPATH\View\View.php(229): CodeIgniter\View\View->CodeIgniter\View\{closure}()
 4 SYSTEMPATH\Common.php(1188): CodeIgniter\View\View->render('administrarAnimales/animalTabla', [], true)
 5 APPPATH\Controllers\AdminController.php(47): view('administrarAnimales/animalTabla')
 6 SYSTEMPATH\CodeIgniter.php(919): App\Controllers\AdminController->animalTabla()
 7 SYSTEMPATH\CodeIgniter.php(494): CodeIgniter\CodeIgniter->runController(Object(App\Controllers\AdminController))
 8 SYSTEMPATH\CodeIgniter.php(353): CodeIgniter\CodeIgniter->handleRequest(null, Object(Config\Cache), false)
 9 FCPATH\index.php(79): CodeIgniter\CodeIgniter->run()
10 SYSTEMPATH\Commands\Server\rewrite.php(47): require_once('C:\\Users\\Moisés David\\Desktop\\PROYECTO D.A.W\\public\\index.php')
CRITICAL - 2023-11-09 01:00:54 --> Undefined variable $animales
in APPPATH\Views\administrarAnimales\animalTabla.php on line 17.
 1 APPPATH\Views\administrarAnimales\animalTabla.php(17): CodeIgniter\Debug\Exceptions->errorHandler(2, 'Undefined variable $animales', 'C:\\Users\\Moisés David\\Desktop\\PROYECTO D.A.W\\app\\Views\\administrarAnimales\\animalTabla.php', 17)
 2 SYSTEMPATH\View\View.php(226): include('C:\\Users\\Moisés David\\Desktop\\PROYECTO D.A.W\\app\\Views\\administrarAnimales\\animalTabla.php')
 3 SYSTEMPATH\View\View.php(229): CodeIgniter\View\View->CodeIgniter\View\{closure}()
 4 SYSTEMPATH\Common.php(1188): CodeIgniter\View\View->render('administrarAnimales/animalTabla', [], true)
 5 APPPATH\Controllers\AdminController.php(47): view('administrarAnimales/animalTabla')
 6 SYSTEMPATH\CodeIgniter.php(919): App\Controllers\AdminController->animalTabla()
 7 SYSTEMPATH\CodeIgniter.php(494): CodeIgniter\CodeIgniter->runController(Object(App\Controllers\AdminController))
 8 SYSTEMPATH\CodeIgniter.php(353): CodeIgniter\CodeIgniter->handleRequest(null, Object(Config\Cache), false)
 9 FCPATH\index.php(79): CodeIgniter\CodeIgniter->run()
10 SYSTEMPATH\Commands\Server\rewrite.php(47): require_once('C:\\Users\\Moisés David\\Desktop\\PROYECTO D.A.W\\public\\index.php')
CRITICAL - 2023-11-09 01:04:59 --> Undefined variable $animales
in APPPATH\Views\administrarAnimales\animalTabla.php on line 17.
 1 APPPATH\Views\administrarAnimales\animalTabla.php(17): CodeIgniter\Debug\Exceptions->errorHandler(2, 'Undefined variable $animales', 'C:\\Users\\Moisés David\\Desktop\\PROYECTO D.A.W\\app\\Views\\administrarAnimales\\animalTabla.php', 17)
 2 SYSTEMPATH\View\View.php(226): include('C:\\Users\\Moisés David\\Desktop\\PROYECTO D.A.W\\app\\Views\\administrarAnimales\\animalTabla.php')
 3 SYSTEMPATH\View\View.php(229): CodeIgniter\View\View->CodeIgniter\View\{closure}()
 4 SYSTEMPATH\Common.php(1188): CodeIgniter\View\View->render('administrarAnimales/animalTabla', [], true)
 5 APPPATH\Controllers\AdminController.php(47): view('administrarAnimales/animalTabla')
 6 SYSTEMPATH\CodeIgniter.php(919): App\Controllers\AdminController->animalTabla()
 7 SYSTEMPATH\CodeIgniter.php(494): CodeIgniter\CodeIgniter->runController(Object(App\Controllers\AdminController))
 8 SYSTEMPATH\CodeIgniter.php(353): CodeIgniter\CodeIgniter->handleRequest(null, Object(Config\Cache), false)
 9 FCPATH\index.php(79): CodeIgniter\CodeIgniter->run()
10 SYSTEMPATH\Commands\Server\rewrite.php(47): require_once('C:\\Users\\Moisés David\\Desktop\\PROYECTO D.A.W\\public\\index.php')
CRITICAL - 2023-11-09 01:04:59 --> Undefined variable $animales
in APPPATH\Views\administrarAnimales\animalTabla.php on line 17.
 1 APPPATH\Views\administrarAnimales\animalTabla.php(17): CodeIgniter\Debug\Exceptions->errorHandler(2, 'Undefined variable $animales', 'C:\\Users\\Moisés David\\Desktop\\PROYECTO D.A.W\\app\\Views\\administrarAnimales\\animalTabla.php', 17)
 2 SYSTEMPATH\View\View.php(226): include('C:\\Users\\Moisés David\\Desktop\\PROYECTO D.A.W\\app\\Views\\administrarAnimales\\animalTabla.php')
 3 SYSTEMPATH\View\View.php(229): CodeIgniter\View\View->CodeIgniter\View\{closure}()
 4 SYSTEMPATH\Common.php(1188): CodeIgniter\View\View->render('administrarAnimales/animalTabla', [], true)
 5 APPPATH\Controllers\AdminController.php(47): view('administrarAnimales/animalTabla')
 6 SYSTEMPATH\CodeIgniter.php(919): App\Controllers\AdminController->animalTabla()
 7 SYSTEMPATH\CodeIgniter.php(494): CodeIgniter\CodeIgniter->runController(Object(App\Controllers\AdminController))
 8 SYSTEMPATH\CodeIgniter.php(353): CodeIgniter\CodeIgniter->handleRequest(null, Object(Config\Cache), false)
 9 FCPATH\index.php(79): CodeIgniter\CodeIgniter->run()
10 SYSTEMPATH\Commands\Server\rewrite.php(47): require_once('C:\\Users\\Moisés David\\Desktop\\PROYECTO D.A.W\\public\\index.php')
CRITICAL - 2023-11-09 01:05:00 --> Undefined variable $animales
in APPPATH\Views\administrarAnimales\animalTabla.php on line 17.
 1 APPPATH\Views\administrarAnimales\animalTabla.php(17): CodeIgniter\Debug\Exceptions->errorHandler(2, 'Undefined variable $animales', 'C:\\Users\\Moisés David\\Desktop\\PROYECTO D.A.W\\app\\Views\\administrarAnimales\\animalTabla.php', 17)
 2 SYSTEMPATH\View\View.php(226): include('C:\\Users\\Moisés David\\Desktop\\PROYECTO D.A.W\\app\\Views\\administrarAnimales\\animalTabla.php')
 3 SYSTEMPATH\View\View.php(229): CodeIgniter\View\View->CodeIgniter\View\{closure}()
 4 SYSTEMPATH\Common.php(1188): CodeIgniter\View\View->render('administrarAnimales/animalTabla', [], true)
 5 APPPATH\Controllers\AdminController.php(47): view('administrarAnimales/animalTabla')
 6 SYSTEMPATH\CodeIgniter.php(919): App\Controllers\AdminController->animalTabla()
 7 SYSTEMPATH\CodeIgniter.php(494): CodeIgniter\CodeIgniter->runController(Object(App\Controllers\AdminController))
 8 SYSTEMPATH\CodeIgniter.php(353): CodeIgniter\CodeIgniter->handleRequest(null, Object(Config\Cache), false)
 9 FCPATH\index.php(79): CodeIgniter\CodeIgniter->run()
10 SYSTEMPATH\Commands\Server\rewrite.php(47): require_once('C:\\Users\\Moisés David\\Desktop\\PROYECTO D.A.W\\public\\index.php')
CRITICAL - 2023-11-09 01:07:58 --> Undefined variable $animales
in APPPATH\Views\administrarAnimales\animalTabla.php on line 17.
 1 APPPATH\Views\administrarAnimales\animalTabla.php(17): CodeIgniter\Debug\Exceptions->errorHandler(2, 'Undefined variable $animales', 'C:\\Users\\Moisés David\\Desktop\\PROYECTO D.A.W\\app\\Views\\administrarAnimales\\animalTabla.php', 17)
 2 SYSTEMPATH\View\View.php(226): include('C:\\Users\\Moisés David\\Desktop\\PROYECTO D.A.W\\app\\Views\\administrarAnimales\\animalTabla.php')
 3 SYSTEMPATH\View\View.php(229): CodeIgniter\View\View->CodeIgniter\View\{closure}()
 4 SYSTEMPATH\Common.php(1188): CodeIgniter\View\View->render('administrarAnimales/animalTabla', [], true)
 5 APPPATH\Controllers\AdminController.php(47): view('administrarAnimales/animalTabla')
 6 SYSTEMPATH\CodeIgniter.php(919): App\Controllers\AdminController->animalTabla()
 7 SYSTEMPATH\CodeIgniter.php(494): CodeIgniter\CodeIgniter->runController(Object(App\Controllers\AdminController))
 8 SYSTEMPATH\CodeIgniter.php(353): CodeIgniter\CodeIgniter->handleRequest(null, Object(Config\Cache), false)
 9 FCPATH\index.php(79): CodeIgniter\CodeIgniter->run()
10 SYSTEMPATH\Commands\Server\rewrite.php(47): require_once('C:\\Users\\Moisés David\\Desktop\\PROYECTO D.A.W\\public\\index.php')
CRITICAL - 2023-11-09 01:08:47 --> Call to a member function findAll() on null
in APPPATH\Controllers\AdminController.php on line 19.
 1 SYSTEMPATH\CodeIgniter.php(919): App\Controllers\AdminController->animalTabla()
 2 SYSTEMPATH\CodeIgniter.php(494): CodeIgniter\CodeIgniter->runController(Object(App\Controllers\AdminController))
 3 SYSTEMPATH\CodeIgniter.php(353): CodeIgniter\CodeIgniter->handleRequest(null, Object(Config\Cache), false)
 4 FCPATH\index.php(79): CodeIgniter\CodeIgniter->run()
 5 SYSTEMPATH\Commands\Server\rewrite.php(47): require_once('C:\\Users\\Moisés David\\Desktop\\PROYECTO D.A.W\\public\\index.php')
